#
# A fatal error has been detected by the Java Runtime Environment:
#
#  EXCEPTION_ACCESS_VIOLATION (0xc0000005) at pc=0x6d8dd3a2, pid=844, tid=7320
#
# JRE version: 6.0_32-b05
# Java VM: Java HotSpot(TM) Client VM (20.7-b02 mixed mode windows-x86 )
# Problematic frame:
# V  [jvm.dll+0x1d3a2]
#
# If you would like to submit a bug report, please visit:
#   http://java.sun.com/webapps/bugreport/crash.jsp
#

---------------  T H R E A D  ---------------

Current thread (0x024c7c00):  JavaThread "JDWP Transport Listener: dt_socket" daemon [_thread_in_vm, id=7320, stack(0x191b0000,0x19200000)]

siginfo: ExceptionCode=0xc0000005, reading address 0x00000004

Registers:
EAX=0x00000000, EBX=0x024c7c00, ECX=0x00000000, EDX=0x00000000
ESP=0x191ffc54, EBP=0x191ffc58, ESI=0x00000010, EDI=0x04682610
EIP=0x6d8dd3a2, EFLAGS=0x00010246

Top of Stack: (sp=0x191ffc54)
0x191ffc54:   024c7d28 191ffc80 6d953392 04682610
0x191ffc64:   6d43e10c 024c7d28 6d43e124 024c7c00
0x191ffc74:   00000000 024c7d28 191ffe54 6d43e94c
0x191ffc84:   6d4262bd 024c7d28 024df3c4 00000000
0x191ffc94:   191ffcb8 191ffe54 6d442b0a 191ffe54
0x191ffca4:   024df3c4 191ffe24 6d42ba32 191ffe24
0x191ffcb4:   191ffcc4 6d43e840 6d2b4014 6d442be0
0x191ffcc4:   191ffcf4 0000012c 191ffcd0 00000000 

Instructions: (pc=0x6d8dd3a2)
0x6d8dd382:   ec 8b 45 08 8b 0d 4c 27 b3 6d 8b 15 48 27 b3 6d
0x6d8dd392:   8b 0c 01 8b 14 02 56 8b 35 44 27 b3 6d 8b 04 06
0x6d8dd3a2:   8b 71 04 8b 76 0c 81 e6 00 ff 00 00 81 fe 00 05
0x6d8dd3b2:   00 00 5e 75 20 85 c0 75 0e 33 c9 50 51 e8 dc 47 


Register to memory mapping:

EAX=0x00000000 is an unknown value
EBX=0x024c7c00 is a thread
ECX=0x00000000 is an unknown value
EDX=0x00000000 is an unknown value
ESP=0x191ffc54 is pointing into the stack for thread: 0x024c7c00
EBP=0x191ffc58 is pointing into the stack for thread: 0x024c7c00
ESI=0x00000010 is an unknown value
EDI=
[error occurred during error reporting (printing register info), id 0xc0000005]

Stack: [0x191b0000,0x19200000],  sp=0x191ffc54,  free space=319k
Native frames: (J=compiled Java code, j=interpreted, Vv=VM code, C=native code)
V  [jvm.dll+0x1d3a2]
V  [jvm.dll+0x93392]


---------------  P R O C E S S  ---------------

Java Threads: ( => current thread )
  0x1964a000 JavaThread "AWT-Windows" daemon [_thread_in_native, id=4816, stack(0x19980000,0x199d0000)]
  0x19648800 JavaThread "Java2D Disposer" daemon [_thread_blocked, id=2720, stack(0x19820000,0x19870000)]
  0x024dd000 JavaThread "Low Memory Detector" daemon [_thread_blocked, id=5232, stack(0x19500000,0x19550000)]
  0x024da000 JavaThread "C1 CompilerThread0" daemon [_thread_blocked, id=3328, stack(0x19470000,0x194c0000)]
  0x024cb400 JavaThread "JDWP Command Reader" daemon [_thread_in_native, id=2956, stack(0x193e0000,0x19430000)]
  0x024ca400 JavaThread "JDWP Event Helper Thread" daemon [_thread_blocked, id=7480, stack(0x19200000,0x19250000)]
=>0x024c7c00 JavaThread "JDWP Transport Listener: dt_socket" daemon [_thread_in_vm, id=7320, stack(0x191b0000,0x19200000)]
  0x024bac00 JavaThread "Attach Listener" daemon [_thread_blocked, id=6480, stack(0x187f0000,0x18840000)]
  0x024b7800 JavaThread "Signal Dispatcher" daemon [_thread_blocked, id=1428, stack(0x18760000,0x187b0000)]
  0x0248dc00 JavaThread "Finalizer" daemon [_thread_blocked, id=3780, stack(0x186d0000,0x18720000)]
  0x02489000 JavaThread "Reference Handler" daemon [_thread_blocked, id=1484, stack(0x18640000,0x18690000)]
  0x02589800 JavaThread "main" [_thread_blocked, id=4756, stack(0x003a0000,0x003f0000)]

Other Threads:
  0x02484400 VMThread [stack: 0x024f0000,0x02540000] [id=5768]
  0x024ea000 WatcherThread [stack: 0x19590000,0x195e0000] [id=3452]

VM state:not at safepoint (normal execution)

VM Mutex/Monitor currently owned by a thread: None

Heap
 def new generation   total 4928K, used 1198K [0x04590000, 0x04ae0000, 0x09ae0000)
  eden space 4416K,  27% used [0x04590000, 0x046bb828, 0x049e0000)
  from space 512K,   0% used [0x049e0000, 0x049e0000, 0x04a60000)
  to   space 512K,   0% used [0x04a60000, 0x04a60000, 0x04ae0000)
 tenured generation   total 10944K, used 0K [0x09ae0000, 0x0a590000, 0x14590000)
   the space 10944K,   0% used [0x09ae0000, 0x09ae0000, 0x09ae0200, 0x0a590000)
 compacting perm gen  total 12288K, used 4720K [0x14590000, 0x15190000, 0x18590000)
   the space 12288K,  38% used [0x14590000, 0x14a2c3a8, 0x14a2c400, 0x15190000)
No shared spaces configured.

Code Cache  [0x02590000, 0x02618000, 0x04590000)
 total_blobs=191 nmethods=31 adapters=104 free_code_cache=33016000 largest_free_block=0

Dynamic libraries:
0x00400000 - 0x00425000 	C:\Program Files (x86)\Java\jdk1.6.0_32\bin\javaw.exe
0x77a00000 - 0x77b80000 	C:\Windows\SysWOW64\ntdll.dll
0x75470000 - 0x75580000 	C:\Windows\syswow64\kernel32.dll
0x755f0000 - 0x75636000 	C:\Windows\syswow64\KERNELBASE.dll
0x75ac0000 - 0x75b60000 	C:\Windows\syswow64\ADVAPI32.dll
0x758d0000 - 0x7597c000 	C:\Windows\syswow64\msvcrt.dll
0x751d0000 - 0x751e9000 	C:\Windows\SysWOW64\sechost.dll
0x75220000 - 0x75310000 	C:\Windows\syswow64\RPCRT4.dll
0x750e0000 - 0x75140000 	C:\Windows\syswow64\SspiCli.dll
0x750d0000 - 0x750dc000 	C:\Windows\syswow64\CRYPTBASE.dll
0x76a00000 - 0x76b00000 	C:\Windows\syswow64\USER32.dll
0x75d20000 - 0x75db0000 	C:\Windows\syswow64\GDI32.dll
0x75980000 - 0x7598a000 	C:\Windows\syswow64\LPK.dll
0x76b50000 - 0x76bed000 	C:\Windows\syswow64\USP10.dll
0x76d90000 - 0x76df0000 	C:\Windows\system32\IMM32.DLL
0x75670000 - 0x7573c000 	C:\Windows\syswow64\MSCTF.dll
0x7c340000 - 0x7c396000 	C:\Program Files (x86)\Java\jdk1.6.0_32\jre\bin\msvcr71.dll
0x6d8c0000 - 0x6db6f000 	C:\Program Files (x86)\Java\jdk1.6.0_32\jre\bin\client\jvm.dll
0x74480000 - 0x744b2000 	C:\Windows\system32\WINMM.dll
0x71660000 - 0x716ac000 	C:\Windows\system32\apphelp.dll
0x6d870000 - 0x6d87c000 	C:\Program Files (x86)\Java\jdk1.6.0_32\jre\bin\verify.dll
0x6d3d0000 - 0x6d3ef000 	C:\Program Files (x86)\Java\jdk1.6.0_32\jre\bin\java.dll
0x6d420000 - 0x6d449000 	C:\Program Files (x86)\Java\jdk1.6.0_32\jre\bin\jdwp.dll
0x6d740000 - 0x6d746000 	C:\Program Files (x86)\Java\jdk1.6.0_32\jre\bin\npt.dll
0x6d8b0000 - 0x6d8bf000 	C:\Program Files (x86)\Java\jdk1.6.0_32\jre\bin\zip.dll
0x6d2b0000 - 0x6d2b7000 	C:\Program Files (x86)\Java\jdk1.6.0_32\jre\bin\dt_socket.dll
0x76fd0000 - 0x77005000 	C:\Windows\syswow64\WS2_32.dll
0x75580000 - 0x75586000 	C:\Windows\syswow64\NSI.dll
0x74170000 - 0x74180000 	C:\Windows\system32\NLAapi.dll
0x74160000 - 0x74170000 	C:\Windows\system32\napinsp.dll
0x74140000 - 0x74152000 	C:\Windows\system32\pnrpnsp.dll
0x726f0000 - 0x7272c000 	C:\Windows\System32\mswsock.dll
0x742e0000 - 0x74324000 	C:\Windows\system32\DNSAPI.dll
0x74120000 - 0x74128000 	C:\Windows\System32\winrnr.dll
0x740f0000 - 0x74117000 	C:\Program Files (x86)\Common Files\Microsoft Shared\Windows Live\WLIDNSP.DLL
0x75860000 - 0x75865000 	C:\Windows\syswow64\PSAPI.DLL
0x75870000 - 0x758c7000 	C:\Windows\syswow64\SHLWAPI.dll
0x740c0000 - 0x740e1000 	C:\Program Files (x86)\Bonjour\mdnsNSP.dll
0x723a0000 - 0x723bc000 	C:\Windows\system32\Iphlpapi.DLL
0x727a0000 - 0x727a7000 	C:\Windows\system32\WINNSI.DLL
0x74130000 - 0x7413d000 	C:\Windows\system32\wshbth.dll
0x732d0000 - 0x73308000 	C:\Windows\System32\fwpuclnt.dll
0x73310000 - 0x73316000 	C:\Windows\system32\rasadhlp.dll
0x188d0000 - 0x18921000 	C:\Windows\SYSWOW64\icf.dll
0x743e0000 - 0x743e9000 	C:\Windows\system32\VERSION.dll
0x75310000 - 0x7546c000 	C:\Windows\syswow64\ole32.dll
0x77010000 - 0x7709f000 	C:\Windows\syswow64\OLEAUT32.dll
0x726e0000 - 0x726e5000 	C:\Windows\System32\wshtcpip.dll
0x74950000 - 0x749d0000 	C:\Windows\system32\uxtheme.dll
0x6d0b0000 - 0x6d1fc000 	C:\Program Files (x86)\Java\jdk1.6.0_32\jre\bin\awt.dll
0x74b70000 - 0x74bc1000 	C:\Windows\system32\WINSPOOL.DRV
0x749d0000 - 0x74b6e000 	C:\Windows\WinSxS\x86_microsoft.windows.common-controls_6595b64144ccf1df_6.0.7601.17514_none_41e6975e2bd6f2b2\COMCTL32.dll
0x74510000 - 0x74523000 	C:\Windows\system32\DWMAPI.DLL
0x6d2e0000 - 0x6d32f000 	C:\Program Files (x86)\Java\jdk1.6.0_32\jre\bin\fontmanager.dll
0x75db0000 - 0x769fa000 	C:\Windows\system32\shell32.dll

VM Arguments:
jvm_args: -agentlib:jdwp=transport=dt_socket,suspend=y,address=localhost:65522 -Dfile.encoding=Cp1252 
java_command: HeistCore
Launcher Type: SUN_STANDARD

Environment Variables:
JAVA_HOME=C:\Program Files (x86)\Java\jdk1.6.0_32
CLASSPATH=.;C:\Program Files (x86)\Java\jre6\lib\ext\QTJava.zip
PATH=C:\Program Files (x86)\Java\jdk1.6.0_32\jre\bin;C:/Program Files (x86)/Java/jre6/bin/client;C:/Program Files (x86)/Java/jre6/bin;C:/Program Files (x86)/Java/jre6/lib/i386;C:\Program Files\Common Files\Microsoft Shared\Windows Live;C:\Program Files (x86)\Common Files\Microsoft Shared\Windows Live;C:\Windows\system32;C:\Windows;C:\Windows\System32\Wbem;C:\Windows\System32\WindowsPowerShell\v1.0\;C:\Program Files (x86)\Windows Live\Shared;C:\Program Files (x86)\Java\jdk1.6.0_32\bin;C:\lejos_nxj\bin;C:\Program Files (x86)\QuickTime\QTSystem\;C:\eclipse;
USERNAME=chris
OS=Windows_NT
PROCESSOR_IDENTIFIER=Intel64 Family 6 Model 42 Stepping 7, GenuineIntel



---------------  S Y S T E M  ---------------

OS: Windows 7 , 64 bit Build 7601 Service Pack 1

CPU:total 4 (2 cores per cpu, 2 threads per core) family 6 model 42 stepping 7, cmov, cx8, fxsr, mmx, sse, sse2, sse3, ssse3, sse4.1, sse4.2, popcnt, ht

Memory: 4k page, physical 3966096k(2429028k free), swap 7930340k(5624876k free)

vm_info: Java HotSpot(TM) Client VM (20.7-b02) for windows-x86 JRE (1.6.0_32-b05), built on Apr  5 2012 13:50:34 by "java_re" with MS VC++ 7.1 (VS2003)

time: Fri Jul 06 17:13:37 2012
elapsed time: 129 seconds

